<?xml version="1.0" encoding="UTF-8"?>
<!-- Generated by org.testng.reporters.JUnitReportReporter -->
<testsuite hostname="heaven" name="com.albpal.pocs.testng.AppTest" tests="1" failures="0" timestamp="22 May 2016 11:14:03 GMT" time="8.952" errors="0">
  <testcase name="exampleOfTestNgMaven" time="8.952" classname="com.albpal.pocs.testng.AppTest"/>
</testsuite> <!-- com.albpal.pocs.testng.AppTest -->
